<?xml version="1.0" encoding="UTF-8"?>
<!-- Generated by org.testng.reporters.JUnitXMLReporter -->
<testsuite ignored="0" hostname="DESKTOP-5SIDRBI" failures="4" tests="11" name="Test_suite_chromium" time="82.969" errors="0" timestamp="2023-01-09T00:41:46 WAT">
  <testcase classname="tests.TestRunner" name="createNewUserTest" time="5.634">
    <failure type="java.lang.AssertionError" message="L&amp;apos;adresse mail n&amp;apos;a pas un format valide">
      <![CDATA[java.lang.AssertionError: L'adresse mail n'a pas un format valide
at tests.TestRunner.createNewUserTest(TestRunner.java:63)
at java.base/java.util.ArrayList.forEach(ArrayList.java:1511)
at java.base/java.util.concurrent.FutureTask.run(FutureTask.java:264)
at java.base/java.util.concurrent.ThreadPoolExecutor.runWorker(ThreadPoolExecutor.java:1136)
at java.base/java.util.concurrent.ThreadPoolExecutor$Worker.run(ThreadPoolExecutor.java:635)
at java.base/java.lang.Thread.run(Thread.java:833)
... Removed 18 stack frames]]>
    </failure>
  </testcase> <!-- createNewUserTest -->
  <testcase classname="tests.TestRunner" name="createNewUserTest" time="5.463">
    <failure type="java.lang.AssertionError" message="Mot de passe trop court">
      <![CDATA[java.lang.AssertionError: Mot de passe trop court
at tests.TestRunner.createNewUserTest(TestRunner.java:59)
at java.base/java.util.ArrayList.forEach(ArrayList.java:1511)
at java.base/java.util.concurrent.FutureTask.run(FutureTask.java:264)
at java.base/java.util.concurrent.ThreadPoolExecutor.runWorker(ThreadPoolExecutor.java:1136)
at java.base/java.util.concurrent.ThreadPoolExecutor$Worker.run(ThreadPoolExecutor.java:635)
at java.base/java.lang.Thread.run(Thread.java:833)
... Removed 18 stack frames]]>
    </failure>
  </testcase> <!-- createNewUserTest -->
  <testcase classname="tests.TestRunner" name="createNewUserTest" time="5.505">
    <failure type="java.lang.AssertionError" message="L&amp;apos;utilisateur existe déjà">
      <![CDATA[java.lang.AssertionError: L'utilisateur existe déjà
at tests.TestRunner.createNewUserTest(TestRunner.java:57)
at java.base/java.util.ArrayList.forEach(ArrayList.java:1511)
at java.base/java.util.concurrent.FutureTask.run(FutureTask.java:264)
at java.base/java.util.concurrent.ThreadPoolExecutor.runWorker(ThreadPoolExecutor.java:1136)
at java.base/java.util.concurrent.ThreadPoolExecutor$Worker.run(ThreadPoolExecutor.java:635)
at java.base/java.lang.Thread.run(Thread.java:833)
... Removed 18 stack frames]]>
    </failure>
  </testcase> <!-- createNewUserTest -->
  <testcase classname="tests.TestRunner" name="loginPageNavigationTest" time="6.005"/>
  <testcase classname="tests.TestRunner" name="searchTest" time="2.063"/>
  <testcase classname="tests.TestRunner" name="searchTest" time="17.032">
    <failure type="java.lang.AssertionError" message="Produit inexistant dans la base de donnée">
      <![CDATA[java.lang.AssertionError: Produit inexistant dans la base de donnée
at tests.TestRunner.searchTest(TestRunner.java:117)
at java.base/java.util.ArrayList.forEach(ArrayList.java:1511)
at java.base/java.util.concurrent.FutureTask.run(FutureTask.java:264)
at java.base/java.util.concurrent.ThreadPoolExecutor.runWorker(ThreadPoolExecutor.java:1136)
at java.base/java.util.concurrent.ThreadPoolExecutor$Worker.run(ThreadPoolExecutor.java:635)
at java.base/java.lang.Thread.run(Thread.java:833)
... Removed 18 stack frames]]>
    </failure>
  </testcase> <!-- searchTest -->
  <testcase classname="tests.TestRunner" name="addToCartTest" time="3.052"/>
  <testcase classname="tests.TestRunner" name="addToCartTest" time="2.745"/>
  <testcase classname="tests.TestRunner" name="suppressFromCartTest" time="14.17"/>
  <testcase classname="tests.TestRunner" name="suppressFromCartTest" time="13.247"/>
  <testcase classname="tests.TestRunner" name="LOGOUT" time="0.347"/>
</testsuite> <!-- Test_suite_chromium -->
