<?xml version="1.0" encoding="UTF-8"?>
<!-- Generated by org.testng.reporters.JUnitXMLReporter -->
<testsuite ignored="1" hostname="DESKTOP-5SIDRBI" failures="0" tests="7" name="Test_suite_chromium" time="53.232" errors="0" timestamp="2023-01-09T16:27:59 WAT">
  <testcase classname="tests.TestRunner" name="loginPageNavigationTest" time="6.021"/>
  <testcase classname="tests.TestRunner" name="searchTest" time="2.281"/>
  <testcase classname="tests.TestRunner" name="addToCartTest" time="2.831"/>
  <testcase classname="tests.TestRunner" name="addToCartTest" time="2.668"/>
  <testcase classname="tests.TestRunner" name="suppressFromCartTest" time="14.326"/>
  <testcase classname="tests.TestRunner" name="suppressFromCartTest" time="13.316"/>
  <testcase classname="tests.TestRunner" name="LOGOUT" time="0.501"/>
  <testcase classname="tests.TestRunner" name="createNewUserTest" time="0.0">
    <ignored/>
  </testcase> <!-- createNewUserTest -->
</testsuite> <!-- Test_suite_chromium -->
