<!DOCTYPE html>

<html>
  <head>
  <meta charset='utf-8'>
  <title>TestNG reports</title>

    <link type="text/css" href="testng-reports1.css" rel="stylesheet" id="ultra" />
    <link type="text/css" href="testng-reports.css" rel="stylesheet" id="retro" disabled="false"/>
    <script type="text/javascript" src="jquery-3.6.0.min.js"></script>
    <script type="text/javascript" src="testng-reports.js"></script>
    <script type="text/javascript" src="https://www.google.com/jsapi"></script>
    <script type='text/javascript'>
      google.load('visualization', '1', {packages:['table']});
      google.setOnLoadCallback(drawTable);
      var suiteTableInitFunctions = new Array();
      var suiteTableData = new Array();
    </script>
    <!--
      <script type="text/javascript" src="jquery-ui/js/jquery-ui-1.8.16.custom.min.js"></script>
     -->
  </head>

  <body>    <div class="top-banner-root">
      <span class="top-banner-title-font">Test results</span>
      <button id="button" class="button">Switch Retro Theme</button> <!-- button -->
      <br/>
      <span class="top-banner-font-1">1 suite, 5 failed tests</span>
    </div> <!-- top-banner-root -->
    <div class="navigator-root">
      <div class="navigator-suite-header">
        <span>All suites</span>
        <a href="#" title="Collapse/expand all the suites" class="collapse-all-link">
          <img src="collapseall.gif" class="collapse-all-icon">
          </img> <!-- collapse-all-icon -->
        </a> <!-- collapse-all-link -->
      </div> <!-- navigator-suite-header -->
      <div class="suite">
        <div class="rounded-window">
          <div class="suite-header light-rounded-window-top">
            <a href="#" panel-name="suite-Open_Cart_Test_Regression_PW_Suite" class="navigator-link">
              <span class="suite-name border-failed">Open Cart Test Regression PW Suite</span>
            </a> <!-- navigator-link -->
          </div> <!-- suite-header light-rounded-window-top -->
          <div class="navigator-suite-content">
            <div class="suite-section-title">
              <span>Info</span>
            </div> <!-- suite-section-title -->
            <div class="suite-section-content">
              <ul>
                <li>
                  <a href="#" panel-name="test-xml-Open_Cart_Test_Regression_PW_Suite" class="navigator-link ">
                    <span>C:\Users\hambe\Desktop\Native Playright\Native-Playwright\src\test\ressources\testrunners\testng_regressions.xml</span>
                  </a> <!-- navigator-link  -->
                </li>
                <li>
                  <a href="#" panel-name="testlist-Open_Cart_Test_Regression_PW_Suite" class="navigator-link ">
                    <span class="test-stats">2 tests</span>
                  </a> <!-- navigator-link  -->
                </li>
                <li>
                  <a href="#" panel-name="group-Open_Cart_Test_Regression_PW_Suite" class="navigator-link ">
                    <span>0 groups</span>
                  </a> <!-- navigator-link  -->
                </li>
                <li>
                  <a href="#" panel-name="times-Open_Cart_Test_Regression_PW_Suite" class="navigator-link ">
                    <span>Times</span>
                  </a> <!-- navigator-link  -->
                </li>
                <li>
                  <a href="#" panel-name="reporter-Open_Cart_Test_Regression_PW_Suite" class="navigator-link ">
                    <span>Reporter output</span>
                  </a> <!-- navigator-link  -->
                </li>
                <li>
                  <a href="#" panel-name="ignored-methods-Open_Cart_Test_Regression_PW_Suite" class="navigator-link ">
                    <span>Ignored methods</span>
                  </a> <!-- navigator-link  -->
                </li>
                <li>
                  <a href="#" panel-name="chronological-Open_Cart_Test_Regression_PW_Suite" class="navigator-link ">
                    <span>Chronological view</span>
                  </a> <!-- navigator-link  -->
                </li>
              </ul>
            </div> <!-- suite-section-content -->
            <div class="result-section">
              <div class="suite-section-title">
                <span>Results</span>
              </div> <!-- suite-section-title -->
              <div class="suite-section-content">
                <ul>
                  <li>
                    <span class="method-stats">14 methods, 5 failed,   9 passed</span>
                  </li>
                  <li>
                    <span class="method-list-title failed">Failed methods</span>
                    <span class="show-or-hide-methods failed">
                      <a href="#" panel-name="suite-Open_Cart_Test_Regression_PW_Suite" class="hide-methods failed suite-Open_Cart_Test_Regression_PW_Suite"> (hide)</a> <!-- hide-methods failed suite-Open_Cart_Test_Regression_PW_Suite -->
                      <a href="#" panel-name="suite-Open_Cart_Test_Regression_PW_Suite" class="show-methods failed suite-Open_Cart_Test_Regression_PW_Suite"> (show)</a> <!-- show-methods failed suite-Open_Cart_Test_Regression_PW_Suite -->
                    </span>
                    <div class="method-list-content failed suite-Open_Cart_Test_Regression_PW_Suite">
                      <span>
                        <img src="failed.png" width="3%"/>
                        <a href="#" panel-name="suite-Open_Cart_Test_Regression_PW_Suite" title="tests.TestRunner" class="method navigator-link" hash-for-method="LOGOUT">LOGOUT</a> <!-- method navigator-link -->
                      </span>
                      <br/>
                      <span>
                        <img src="failed.png" width="3%"/>
                        <a href="#" panel-name="suite-Open_Cart_Test_Regression_PW_Suite" title="tests.TestRunner" class="method navigator-link" hash-for-method="addToCartTest(Chaussures Hommes de Ville, 3)">addToCartTest(Chaussures Hommes de Ville, 3)</a> <!-- method navigator-link -->
                      </span>
                      <br/>
                      <span>
                        <img src="failed.png" width="3%"/>
                        <a href="#" panel-name="suite-Open_Cart_Test_Regression_PW_Suite" title="tests.TestRunner" class="method navigator-link" hash-for-method="addToCartTest(T-shirt en coton biologique, 3)">addToCartTest(T-shirt en coton biologique, 3)</a> <!-- method navigator-link -->
                      </span>
                      <br/>
                      <span>
                        <img src="failed.png" width="3%"/>
                        <a href="#" panel-name="suite-Open_Cart_Test_Regression_PW_Suite" title="tests.TestRunner" class="method navigator-link" hash-for-method="suppressFromCartTest(Chaussures Hommes de Ville, 3)">suppressFromCartTest(Chaussures Hommes de Ville, 3)</a> <!-- method navigator-link -->
                      </span>
                      <br/>
                      <span>
                        <img src="failed.png" width="3%"/>
                        <a href="#" panel-name="suite-Open_Cart_Test_Regression_PW_Suite" title="tests.TestRunner" class="method navigator-link" hash-for-method="suppressFromCartTest(T-shirt en coton biologique, 3)">suppressFromCartTest(T-shirt en coton biologique, 3)</a> <!-- method navigator-link -->
                      </span>
                      <br/>
                    </div> <!-- method-list-content failed suite-Open_Cart_Test_Regression_PW_Suite -->
                  </li>
                  <li>
                    <span class="method-list-title passed">Passed methods</span>
                    <span class="show-or-hide-methods passed">
                      <a href="#" panel-name="suite-Open_Cart_Test_Regression_PW_Suite" class="hide-methods passed suite-Open_Cart_Test_Regression_PW_Suite"> (hide)</a> <!-- hide-methods passed suite-Open_Cart_Test_Regression_PW_Suite -->
                      <a href="#" panel-name="suite-Open_Cart_Test_Regression_PW_Suite" class="show-methods passed suite-Open_Cart_Test_Regression_PW_Suite"> (show)</a> <!-- show-methods passed suite-Open_Cart_Test_Regression_PW_Suite -->
                    </span>
                    <div class="method-list-content passed suite-Open_Cart_Test_Regression_PW_Suite">
                      <span>
                        <img src="passed.png" width="3%"/>
                        <a href="#" panel-name="suite-Open_Cart_Test_Regression_PW_Suite" title="tests.TestRunner" class="method navigator-link" hash-for-method="LOGOUT">LOGOUT</a> <!-- method navigator-link -->
                      </span>
                      <br/>
                      <span>
                        <img src="passed.png" width="3%"/>
                        <a href="#" panel-name="suite-Open_Cart_Test_Regression_PW_Suite" title="tests.TestRunner" class="method navigator-link" hash-for-method="addToCartTest(Chaussures Hommes de Ville, 3)">addToCartTest(Chaussures Hommes de Ville, 3)</a> <!-- method navigator-link -->
                      </span>
                      <br/>
                      <span>
                        <img src="passed.png" width="3%"/>
                        <a href="#" panel-name="suite-Open_Cart_Test_Regression_PW_Suite" title="tests.TestRunner" class="method navigator-link" hash-for-method="addToCartTest(T-shirt en coton biologique, 3)">addToCartTest(T-shirt en coton biologique, 3)</a> <!-- method navigator-link -->
                      </span>
                      <br/>
                      <span>
                        <img src="passed.png" width="3%"/>
                        <a href="#" panel-name="suite-Open_Cart_Test_Regression_PW_Suite" title="tests.TestRunner" class="method navigator-link" hash-for-method="loginPageNavigationTest">loginPageNavigationTest</a> <!-- method navigator-link -->
                      </span>
                      <br/>
                      <span>
                        <img src="passed.png" width="3%"/>
                        <a href="#" panel-name="suite-Open_Cart_Test_Regression_PW_Suite" title="tests.TestRunner" class="method navigator-link" hash-for-method="loginPageNavigationTest">loginPageNavigationTest</a> <!-- method navigator-link -->
                      </span>
                      <br/>
                      <span>
                        <img src="passed.png" width="3%"/>
                        <a href="#" panel-name="suite-Open_Cart_Test_Regression_PW_Suite" title="tests.TestRunner" class="method navigator-link" hash-for-method="searchTest(T-shirt)">searchTest(T-shirt)</a> <!-- method navigator-link -->
                      </span>
                      <br/>
                      <span>
                        <img src="passed.png" width="3%"/>
                        <a href="#" panel-name="suite-Open_Cart_Test_Regression_PW_Suite" title="tests.TestRunner" class="method navigator-link" hash-for-method="searchTest(T-shirt)">searchTest(T-shirt)</a> <!-- method navigator-link -->
                      </span>
                      <br/>
                      <span>
                        <img src="passed.png" width="3%"/>
                        <a href="#" panel-name="suite-Open_Cart_Test_Regression_PW_Suite" title="tests.TestRunner" class="method navigator-link" hash-for-method="suppressFromCartTest(T-shirt en coton biologique, 3)">suppressFromCartTest(T-shirt en coton biologique, 3)</a> <!-- method navigator-link -->
                      </span>
                      <br/>
                      <span>
                        <img src="passed.png" width="3%"/>
                        <a href="#" panel-name="suite-Open_Cart_Test_Regression_PW_Suite" title="tests.TestRunner" class="method navigator-link" hash-for-method="suppressFromCartTest(Chaussures Hommes de Ville, 3)">suppressFromCartTest(Chaussures Hommes de Ville, 3)</a> <!-- method navigator-link -->
                      </span>
                      <br/>
                    </div> <!-- method-list-content passed suite-Open_Cart_Test_Regression_PW_Suite -->
                  </li>
                </ul>
              </div> <!-- suite-section-content -->
            </div> <!-- result-section -->
          </div> <!-- navigator-suite-content -->
        </div> <!-- rounded-window -->
      </div> <!-- suite -->
    </div> <!-- navigator-root -->
    <div class="wrapper">
      <div class="main-panel-root">
        <div panel-name="suite-Open_Cart_Test_Regression_PW_Suite" class="panel Open_Cart_Test_Regression_PW_Suite">
          <div class="suite-Open_Cart_Test_Regression_PW_Suite-class-failed">
            <div class="main-panel-header rounded-window-top">
              <img src="failed.png"/>
              <span class="class-name">tests.TestRunner</span>
            </div> <!-- main-panel-header rounded-window-top -->
            <div class="main-panel-content rounded-window-bottom">
              <div class="method">
                <div class="method-content">
                  <a name="LOGOUT">
                  </a> <!-- LOGOUT -->
                  <span class="method-name">LOGOUT</span>
                  <div class="stack-trace">java.lang.AssertionError: Impossible de cliquer sur le boutton d√©connexion
	at tests.TestRunner.LOGOUT(TestRunner.java:167)
	at java.base/java.util.ArrayList.forEach(ArrayList.java:1511)
	at java.base/java.util.concurrent.FutureTask.run(FutureTask.java:264)
	at java.base/java.util.concurrent.ThreadPoolExecutor.runWorker(ThreadPoolExecutor.java:1136)
	at java.base/java.util.concurrent.ThreadPoolExecutor$Worker.run(ThreadPoolExecutor.java:635)
	at java.base/java.lang.Thread.run(Thread.java:833)
... Removed 18 stack frames
</div> <!-- stack-trace -->
                </div> <!-- method-content -->
              </div> <!-- method -->
              <div class="method">
                <div class="method-content">
                  <a name="addToCartTest(Chaussures Hommes de Ville, 3)">
                  </a> <!-- addToCartTest(Chaussures Hommes de Ville, 3) -->
                  <span class="method-name">addToCartTest</span>
                  <span class="parameters">(Chaussures Hommes de Ville,3)</span>
                  <div class="stack-trace">java.lang.AssertionError: Article inexistant ou non localisable expected [true] but found [false]
	at tests.TestRunner.addToCartTest(TestRunner.java:140)
	at java.base/java.util.ArrayList.forEach(ArrayList.java:1511)
	at java.base/java.util.concurrent.FutureTask.run(FutureTask.java:264)
	at java.base/java.util.concurrent.ThreadPoolExecutor.runWorker(ThreadPoolExecutor.java:1136)
	at java.base/java.util.concurrent.ThreadPoolExecutor$Worker.run(ThreadPoolExecutor.java:635)
	at java.base/java.lang.Thread.run(Thread.java:833)
... Removed 20 stack frames
</div> <!-- stack-trace -->
                </div> <!-- method-content -->
              </div> <!-- method -->
              <div class="method">
                <div class="method-content">
                  <a name="addToCartTest(T-shirt en coton biologique, 3)">
                  </a> <!-- addToCartTest(T-shirt en coton biologique, 3) -->
                  <span class="method-name">addToCartTest</span>
                  <span class="parameters">(T-shirt en coton biologique,3)</span>
                  <div class="stack-trace">java.lang.AssertionError: Article inexistant ou non localisable expected [true] but found [false]
	at tests.TestRunner.addToCartTest(TestRunner.java:140)
	at java.base/java.util.ArrayList.forEach(ArrayList.java:1511)
	at java.base/java.util.concurrent.FutureTask.run(FutureTask.java:264)
	at java.base/java.util.concurrent.ThreadPoolExecutor.runWorker(ThreadPoolExecutor.java:1136)
	at java.base/java.util.concurrent.ThreadPoolExecutor$Worker.run(ThreadPoolExecutor.java:635)
	at java.base/java.lang.Thread.run(Thread.java:833)
... Removed 20 stack frames
</div> <!-- stack-trace -->
                </div> <!-- method-content -->
              </div> <!-- method -->
              <div class="method">
                <div class="method-content">
                  <a name="suppressFromCartTest(Chaussures Hommes de Ville, 3)">
                  </a> <!-- suppressFromCartTest(Chaussures Hommes de Ville, 3) -->
                  <span class="method-name">suppressFromCartTest</span>
                  <span class="parameters">(Chaussures Hommes de Ville,3)</span>
                  <div class="stack-trace">java.lang.AssertionError: Impossible de supprimer l&apos;article
	at Pages.HomePage.DeleteFromCart(HomePage.java:254)
	at tests.TestRunner.suppressFromCartTest(TestRunner.java:152)
	at java.base/java.util.ArrayList.forEach(ArrayList.java:1511)
	at java.base/java.util.concurrent.FutureTask.run(FutureTask.java:264)
	at java.base/java.util.concurrent.ThreadPoolExecutor.runWorker(ThreadPoolExecutor.java:1136)
	at java.base/java.util.concurrent.ThreadPoolExecutor$Worker.run(ThreadPoolExecutor.java:635)
	at java.base/java.lang.Thread.run(Thread.java:833)
... Removed 18 stack frames
</div> <!-- stack-trace -->
                </div> <!-- method-content -->
              </div> <!-- method -->
              <div class="method">
                <div class="method-content">
                  <a name="suppressFromCartTest(T-shirt en coton biologique, 3)">
                  </a> <!-- suppressFromCartTest(T-shirt en coton biologique, 3) -->
                  <span class="method-name">suppressFromCartTest</span>
                  <span class="parameters">(T-shirt en coton biologique,3)</span>
                  <div class="stack-trace">java.lang.AssertionError: Impossible de supprimer l&apos;article
	at Pages.HomePage.DeleteFromCart(HomePage.java:254)
	at tests.TestRunner.suppressFromCartTest(TestRunner.java:152)
	at java.base/java.util.ArrayList.forEach(ArrayList.java:1511)
	at java.base/java.util.concurrent.FutureTask.run(FutureTask.java:264)
	at java.base/java.util.concurrent.ThreadPoolExecutor.runWorker(ThreadPoolExecutor.java:1136)
	at java.base/java.util.concurrent.ThreadPoolExecutor$Worker.run(ThreadPoolExecutor.java:635)
	at java.base/java.lang.Thread.run(Thread.java:833)
... Removed 18 stack frames
</div> <!-- stack-trace -->
                </div> <!-- method-content -->
              </div> <!-- method -->
            </div> <!-- main-panel-content rounded-window-bottom -->
          </div> <!-- suite-Open_Cart_Test_Regression_PW_Suite-class-failed -->
          <div class="suite-Open_Cart_Test_Regression_PW_Suite-class-passed">
            <div class="main-panel-header rounded-window-top">
              <img src="passed.png"/>
              <span class="class-name">tests.TestRunner</span>
            </div> <!-- main-panel-header rounded-window-top -->
            <div class="main-panel-content rounded-window-bottom">
              <div class="method">
                <div class="method-content">
                  <a name="LOGOUT">
                  </a> <!-- LOGOUT -->
                  <span class="method-name">LOGOUT</span>
                </div> <!-- method-content -->
              </div> <!-- method -->
              <div class="method">
                <div class="method-content">
                  <a name="addToCartTest(Chaussures Hommes de Ville, 3)">
                  </a> <!-- addToCartTest(Chaussures Hommes de Ville, 3) -->
                  <span class="method-name">addToCartTest</span>
                  <span class="parameters">(Chaussures Hommes de Ville,3)</span>
                </div> <!-- method-content -->
              </div> <!-- method -->
              <div class="method">
                <div class="method-content">
                  <a name="addToCartTest(T-shirt en coton biologique, 3)">
                  </a> <!-- addToCartTest(T-shirt en coton biologique, 3) -->
                  <span class="method-name">addToCartTest</span>
                  <span class="parameters">(T-shirt en coton biologique,3)</span>
                </div> <!-- method-content -->
              </div> <!-- method -->
              <div class="method">
                <div class="method-content">
                  <a name="loginPageNavigationTest">
                  </a> <!-- loginPageNavigationTest -->
                  <span class="method-name">loginPageNavigationTest</span>
                </div> <!-- method-content -->
              </div> <!-- method -->
              <div class="method">
                <div class="method-content">
                  <a name="loginPageNavigationTest">
                  </a> <!-- loginPageNavigationTest -->
                  <span class="method-name">loginPageNavigationTest</span>
                </div> <!-- method-content -->
              </div> <!-- method -->
              <div class="method">
                <div class="method-content">
                  <a name="searchTest(T-shirt)">
                  </a> <!-- searchTest(T-shirt) -->
                  <span class="method-name">searchTest</span>
                  <span class="parameters">(T-shirt)</span>
                </div> <!-- method-content -->
              </div> <!-- method -->
              <div class="method">
                <div class="method-content">
                  <a name="searchTest(T-shirt)">
                  </a> <!-- searchTest(T-shirt) -->
                  <span class="method-name">searchTest</span>
                  <span class="parameters">(T-shirt)</span>
                </div> <!-- method-content -->
              </div> <!-- method -->
              <div class="method">
                <div class="method-content">
                  <a name="suppressFromCartTest(T-shirt en coton biologique, 3)">
                  </a> <!-- suppressFromCartTest(T-shirt en coton biologique, 3) -->
                  <span class="method-name">suppressFromCartTest</span>
                  <span class="parameters">(T-shirt en coton biologique,3)</span>
                </div> <!-- method-content -->
              </div> <!-- method -->
              <div class="method">
                <div class="method-content">
                  <a name="suppressFromCartTest(Chaussures Hommes de Ville, 3)">
                  </a> <!-- suppressFromCartTest(Chaussures Hommes de Ville, 3) -->
                  <span class="method-name">suppressFromCartTest</span>
                  <span class="parameters">(Chaussures Hommes de Ville,3)</span>
                </div> <!-- method-content -->
              </div> <!-- method -->
            </div> <!-- main-panel-content rounded-window-bottom -->
          </div> <!-- suite-Open_Cart_Test_Regression_PW_Suite-class-passed -->
        </div> <!-- panel Open_Cart_Test_Regression_PW_Suite -->
        <div panel-name="test-xml-Open_Cart_Test_Regression_PW_Suite" class="panel">
          <div class="main-panel-header rounded-window-top">
            <span class="header-content">C:\Users\hambe\Desktop\Native Playright\Native-Playwright\src\test\ressources\testrunners\testng_regressions.xml</span>
          </div> <!-- main-panel-header rounded-window-top -->
          <div class="main-panel-content rounded-window-bottom">
            <pre>
&lt;?xml version=&quot;1.0&quot; encoding=&quot;UTF-8&quot;?&gt;
&lt;!DOCTYPE suite SYSTEM &quot;https://testng.org/testng-1.0.dtd&quot;&gt;
&lt;suite parallel=&quot;tests&quot; name=&quot;Open Cart Test Regression PW Suite&quot; guice-stage=&quot;DEVELOPMENT&quot; verbose=&quot;0&quot;&gt;
  &lt;listeners&gt;
    &lt;listener class-name=&quot;listeners.AllureReportListener&quot;/&gt;
  &lt;/listeners&gt;
  &lt;test thread-count=&quot;5&quot; parallel=&quot;tests&quot; name=&quot;Test_suite_chromium&quot; verbose=&quot;0&quot;&gt;
    &lt;parameter name=&quot;mail&quot; value=&quot;gnanteffezez@gmail.com&quot;/&gt;
    &lt;parameter name=&quot;browser&quot; value=&quot;chromium&quot;/&gt;
    &lt;parameter name=&quot;psswd&quot; value=&quot;gnanteffezez@gmail.com&quot;/&gt;
    &lt;classes&gt;
      &lt;class name=&quot;tests.TestRunner&quot;/&gt;
    &lt;/classes&gt;
  &lt;/test&gt; &lt;!-- Test_suite_chromium --&gt;
  &lt;test thread-count=&quot;5&quot; parallel=&quot;tests&quot; name=&quot;Test_suite_edge&quot; verbose=&quot;0&quot;&gt;
    &lt;parameter name=&quot;mail&quot; value=&quot;gnanteff@gmail.com&quot;/&gt;
    &lt;parameter name=&quot;browser&quot; value=&quot;firefox&quot;/&gt;
    &lt;parameter name=&quot;psswd&quot; value=&quot;Marcelecon1.&quot;/&gt;
    &lt;classes&gt;
      &lt;class name=&quot;tests.TestRunner&quot;/&gt;
    &lt;/classes&gt;
  &lt;/test&gt; &lt;!-- Test_suite_edge --&gt;
&lt;/suite&gt; &lt;!-- Open Cart Test Regression PW Suite --&gt;
            </pre>
          </div> <!-- main-panel-content rounded-window-bottom -->
        </div> <!-- panel -->
        <div panel-name="testlist-Open_Cart_Test_Regression_PW_Suite" class="panel">
          <div class="main-panel-header rounded-window-top">
            <span class="header-content">Tests for Open Cart Test Regression PW Suite</span>
          </div> <!-- main-panel-header rounded-window-top -->
          <div class="main-panel-content rounded-window-bottom">
            <ul>
              <li>
                <span class="test-name">Test_suite_chromium (1 class)</span>
              </li>
              <li>
                <span class="test-name">Test_suite_edge (1 class)</span>
              </li>
            </ul>
          </div> <!-- main-panel-content rounded-window-bottom -->
        </div> <!-- panel -->
        <div panel-name="group-Open_Cart_Test_Regression_PW_Suite" class="panel">
          <div class="main-panel-header rounded-window-top">
            <span class="header-content">Groups for Open Cart Test Regression PW Suite</span>
          </div> <!-- main-panel-header rounded-window-top -->
          <div class="main-panel-content rounded-window-bottom">
          </div> <!-- main-panel-content rounded-window-bottom -->
        </div> <!-- panel -->
        <div panel-name="times-Open_Cart_Test_Regression_PW_Suite" class="panel">
          <div class="main-panel-header rounded-window-top">
            <span class="header-content">Times for Open Cart Test Regression PW Suite</span>
          </div> <!-- main-panel-header rounded-window-top -->
          <div class="main-panel-content rounded-window-bottom">
            <div class="times-div">
              <script type="text/javascript">
suiteTableInitFunctions.push('tableData_Open_Cart_Test_Regression_PW_Suite');
function tableData_Open_Cart_Test_Regression_PW_Suite() {
var data = new google.visualization.DataTable();
data.addColumn('number', 'Number');
data.addColumn('string', 'Method');
data.addColumn('string', 'Class');
data.addColumn('number', 'Time (ms)');
data.addRows(14);
data.setCell(0, 0, 0)
data.setCell(0, 1, 'loginPageNavigationTest')
data.setCell(0, 2, 'tests.TestRunner')
data.setCell(0, 3, 63270);
data.setCell(1, 0, 1)
data.setCell(1, 1, 'addToCartTest')
data.setCell(1, 2, 'tests.TestRunner')
data.setCell(1, 3, 30185);
data.setCell(2, 0, 2)
data.setCell(2, 1, 'addToCartTest')
data.setCell(2, 2, 'tests.TestRunner')
data.setCell(2, 3, 30092);
data.setCell(3, 0, 3)
data.setCell(3, 1, 'suppressFromCartTest')
data.setCell(3, 2, 'tests.TestRunner')
data.setCell(3, 3, 14326);
data.setCell(4, 0, 4)
data.setCell(4, 1, 'suppressFromCartTest')
data.setCell(4, 2, 'tests.TestRunner')
data.setCell(4, 3, 13316);
data.setCell(5, 0, 5)
data.setCell(5, 1, 'loginPageNavigationTest')
data.setCell(5, 2, 'tests.TestRunner')
data.setCell(5, 3, 6021);
data.setCell(6, 0, 6)
data.setCell(6, 1, 'suppressFromCartTest')
data.setCell(6, 2, 'tests.TestRunner')
data.setCell(6, 3, 5215);
data.setCell(7, 0, 7)
data.setCell(7, 1, 'suppressFromCartTest')
data.setCell(7, 2, 'tests.TestRunner')
data.setCell(7, 3, 5166);
data.setCell(8, 0, 8)
data.setCell(8, 1, 'LOGOUT')
data.setCell(8, 2, 'tests.TestRunner')
data.setCell(8, 3, 5026);
data.setCell(9, 0, 9)
data.setCell(9, 1, 'addToCartTest')
data.setCell(9, 2, 'tests.TestRunner')
data.setCell(9, 3, 2831);
data.setCell(10, 0, 10)
data.setCell(10, 1, 'addToCartTest')
data.setCell(10, 2, 'tests.TestRunner')
data.setCell(10, 3, 2668);
data.setCell(11, 0, 11)
data.setCell(11, 1, 'searchTest')
data.setCell(11, 2, 'tests.TestRunner')
data.setCell(11, 3, 2281);
data.setCell(12, 0, 12)
data.setCell(12, 1, 'searchTest')
data.setCell(12, 2, 'tests.TestRunner')
data.setCell(12, 3, 2208);
data.setCell(13, 0, 13)
data.setCell(13, 1, 'LOGOUT')
data.setCell(13, 2, 'tests.TestRunner')
data.setCell(13, 3, 501);
window.suiteTableData['Open_Cart_Test_Regression_PW_Suite']= { tableData: data, tableDiv: 'times-div-Open_Cart_Test_Regression_PW_Suite'}
return data;
}
              </script>
              <span class="suite-total-time">Total running time: 2 minutes</span>
              <div id="times-div-Open_Cart_Test_Regression_PW_Suite">
              </div> <!-- times-div-Open_Cart_Test_Regression_PW_Suite -->
            </div> <!-- times-div -->
          </div> <!-- main-panel-content rounded-window-bottom -->
        </div> <!-- panel -->
        <div panel-name="reporter-Open_Cart_Test_Regression_PW_Suite" class="panel">
          <div class="main-panel-header rounded-window-top">
            <span class="header-content">Reporter output for Open Cart Test Regression PW Suite</span>
          </div> <!-- main-panel-header rounded-window-top -->
          <div class="main-panel-content rounded-window-bottom">
          </div> <!-- main-panel-content rounded-window-bottom -->
        </div> <!-- panel -->
        <div panel-name="ignored-methods-Open_Cart_Test_Regression_PW_Suite" class="panel">
          <div class="main-panel-header rounded-window-top">
            <span class="header-content">2 ignored methods</span>
          </div> <!-- main-panel-header rounded-window-top -->
          <div class="main-panel-content rounded-window-bottom">
            <div class="ignored-class-div">
              <span class="ignored-class-name">tests.TestRunner</span>
              <div class="ignored-methods-div">
                <span class="ignored-method-name">createNewUserTest</span>
                <br/>
                <span class="ignored-method-name">createNewUserTest</span>
                <br/>
              </div> <!-- ignored-methods-div -->
            </div> <!-- ignored-class-div -->
          </div> <!-- main-panel-content rounded-window-bottom -->
        </div> <!-- panel -->
        <div panel-name="chronological-Open_Cart_Test_Regression_PW_Suite" class="panel">
          <div class="main-panel-header rounded-window-top">
            <span class="header-content">Methods in chronological order</span>
          </div> <!-- main-panel-header rounded-window-top -->
          <div class="main-panel-content rounded-window-bottom">
            <div class="chronological-class">
              <div class="chronological-class-name">tests.TestRunner</div> <!-- chronological-class-name -->
              <div class="configuration-test before">
                <span class="method-name">beforeTest(chromium, gnanteffezez@gmail.com, gnanteffezez@gmail.com, null)</span>
                <span class="method-start">0 ms</span>
              </div> <!-- configuration-test before -->
              <div class="configuration-test before">
                <span class="method-name">beforeTest(firefox, gnanteff@gmail.com, Marcelecon1., null)</span>
                <span class="method-start">0 ms</span>
              </div> <!-- configuration-test before -->
              <div class="test-method">
                <span class="method-name">loginPageNavigationTest</span>
                <span class="method-start">9364 ms</span>
              </div> <!-- test-method -->
              <div class="test-method">
                <span class="method-name">searchTest(T-shirt)</span>
                <span class="method-start">15403 ms</span>
              </div> <!-- test-method -->
              <div class="test-method">
                <span class="method-name">addToCartTest(T-shirt en coton biologique, 3)</span>
                <span class="method-start">17698 ms</span>
              </div> <!-- test-method -->
              <div class="test-method">
                <span class="method-name">loginPageNavigationTest</span>
                <span class="method-start">19300 ms</span>
              </div> <!-- test-method -->
              <div class="test-method">
                <span class="method-name">addToCartTest(Chaussures Hommes de Ville, 3)</span>
                <span class="method-start">20539 ms</span>
              </div> <!-- test-method -->
              <div class="test-method">
                <span class="method-name">suppressFromCartTest(T-shirt en coton biologique, 3)</span>
                <span class="method-start">23255 ms</span>
              </div> <!-- test-method -->
              <div class="test-method">
                <span class="method-name">suppressFromCartTest(Chaussures Hommes de Ville, 3)</span>
                <span class="method-start">37584 ms</span>
              </div> <!-- test-method -->
              <div class="test-method">
                <span class="method-name">LOGOUT</span>
                <span class="method-start">50904 ms</span>
              </div> <!-- test-method -->
              <div class="configuration-test after">
                <span class="method-name">afterTest</span>
                <span class="method-start">51413 ms</span>
              </div> <!-- configuration-test after -->
              <div class="test-method">
                <span class="method-name">searchTest(T-shirt)</span>
                <span class="method-start">82574 ms</span>
              </div> <!-- test-method -->
              <div class="test-method">
                <img src="failed.png">
                </img>
                <span class="method-name">addToCartTest(T-shirt en coton biologique, 3)</span>
                <span class="method-start">84785 ms</span>
              </div> <!-- test-method -->
              <div class="test-method">
                <img src="failed.png">
                </img>
                <span class="method-name">addToCartTest(Chaussures Hommes de Ville, 3)</span>
                <span class="method-start">115132 ms</span>
              </div> <!-- test-method -->
              <div class="test-method">
                <img src="failed.png">
                </img>
                <span class="method-name">suppressFromCartTest(T-shirt en coton biologique, 3)</span>
                <span class="method-start">145306 ms</span>
              </div> <!-- test-method -->
              <div class="test-method">
                <img src="failed.png">
                </img>
                <span class="method-name">suppressFromCartTest(Chaussures Hommes de Ville, 3)</span>
                <span class="method-start">150561 ms</span>
              </div> <!-- test-method -->
              <div class="test-method">
                <img src="failed.png">
                </img>
                <span class="method-name">LOGOUT</span>
                <span class="method-start">155854 ms</span>
              </div> <!-- test-method -->
              <div class="configuration-test after">
                <span class="method-name">afterTest</span>
                <span class="method-start">160962 ms</span>
              </div> <!-- configuration-test after -->
          </div> <!-- main-panel-content rounded-window-bottom -->
        </div> <!-- panel -->
      </div> <!-- main-panel-root -->
    </div> <!-- wrapper -->
  </body>
<script type="text/javascript" src="testng-reports2.js"></script>
</html>
