<?xml version="1.0" encoding="UTF-8"?>
<testsuite xmlns:xsi="http://www.w3.org/2001/XMLSchema-instance" xsi:noNamespaceSchemaLocation="https://maven.apache.org/surefire/maven-surefire-plugin/xsd/surefire-test-report-3.0.xsd" version="3.0" name="TestSuite" time="165.338" tests="14" errors="0" skipped="0" failures="5">
  <properties>
[...]
</properties>
  <testcase name="loginPageNavigationTest" classname="tests.TestRunner" time="6.034">
    <system-out><![CDATA[...
... TestNG 7.7.0 by Cédric Beust (cedric@beust.com)
...

I am in onStart method Test_suite_edge
I am in onStart method Test_suite_chromium
browser name is : firefox
browser name is : chromium
I am in onTestStart method loginPageNavigationTest start
ok
I am in onTestSuccess method loginPageNavigationTest succeed
]]></system-out>
    <system-err><![CDATA[SLF4J: Failed to load class "org.slf4j.impl.StaticLoggerBinder".
SLF4J: Defaulting to no-operation (NOP) logger implementation
SLF4J: See http://www.slf4j.org/codes.html#StaticLoggerBinder for further details.
]]></system-err>
  </testcase>
  <testcase name="loginPageNavigationTest" classname="tests.TestRunner" time="31.67">
    <system-out><![CDATA[I am in onFinish method Test_suite_chromium
Timeout to empty the cart!
ok
I am in onTestSuccess method loginPageNavigationTest succeed
]]></system-out>
  </testcase>
  <testcase name="searchTest[T-shirt](1)" classname="tests.TestRunner" time="2.293">
    <system-out><![CDATA[I am in onTestStart method searchTest start
ok
I am in onTestSuccess method searchTest succeed
]]></system-out>
  </testcase>
  <testcase name="searchTest[T-shirt](1)" classname="tests.TestRunner" time="2.211">
    <system-out><![CDATA[I am in onTestStart method searchTest start
ok
I am in onTestSuccess method searchTest succeed
]]></system-out>
  </testcase>
  <testcase name="addToCartTest[T-shirt en coton biologique, 3](1)" classname="tests.TestRunner" time="1.243">
    <system-out><![CDATA[I am in onTestStart method addToCartTest start
I am in onTestStart method loginPageNavigationTest start
I am in onTestSuccess method addToCartTest succeed
]]></system-out>
  </testcase>
  <testcase name="addToCartTest[T-shirt en coton biologique, 3](1)" classname="tests.TestRunner" time="30.348">
    <failure message="Article inexistant ou non localisable expected [true] but found [false]" type="java.lang.AssertionError"><![CDATA[java.lang.AssertionError: Article inexistant ou non localisable expected [true] but found [false]
	at org.testng.Assert.fail(Assert.java:110)
	at org.testng.Assert.failNotEquals(Assert.java:1413)
	at org.testng.Assert.assertTrue(Assert.java:56)
	at tests.TestRunner.addToCartTest(TestRunner.java:140)
	at java.base/jdk.internal.reflect.NativeMethodAccessorImpl.invoke0(Native Method)
	at java.base/jdk.internal.reflect.NativeMethodAccessorImpl.invoke(NativeMethodAccessorImpl.java:77)
	at java.base/jdk.internal.reflect.DelegatingMethodAccessorImpl.invoke(DelegatingMethodAccessorImpl.java:43)
	at java.base/java.lang.reflect.Method.invoke(Method.java:568)
	at org.testng.internal.invokers.MethodInvocationHelper.invokeMethod(MethodInvocationHelper.java:139)
	at org.testng.internal.invokers.TestInvoker.invokeMethod(TestInvoker.java:677)
	at org.testng.internal.invokers.TestInvoker.invokeTestMethod(TestInvoker.java:221)
	at org.testng.internal.invokers.MethodRunner.runInSequence(MethodRunner.java:50)
	at org.testng.internal.invokers.TestInvoker$MethodInvocationAgent.invoke(TestInvoker.java:969)
	at org.testng.internal.invokers.TestInvoker.invokeTestMethods(TestInvoker.java:194)
	at org.testng.internal.invokers.TestMethodWorker.invokeTestMethods(TestMethodWorker.java:148)
	at org.testng.internal.invokers.TestMethodWorker.run(TestMethodWorker.java:128)
	at java.base/java.util.ArrayList.forEach(ArrayList.java:1511)
	at org.testng.TestRunner.privateRun(TestRunner.java:829)
	at org.testng.TestRunner.run(TestRunner.java:602)
	at org.testng.SuiteRunner.runTest(SuiteRunner.java:437)
	at org.testng.SuiteRunner$SuiteWorker.run(SuiteRunner.java:475)
	at org.testng.internal.thread.ThreadUtil.lambda$execute$0(ThreadUtil.java:58)
	at java.base/java.util.concurrent.FutureTask.run(FutureTask.java:264)
	at java.base/java.util.concurrent.ThreadPoolExecutor.runWorker(ThreadPoolExecutor.java:1136)
	at java.base/java.util.concurrent.ThreadPoolExecutor$Worker.run(ThreadPoolExecutor.java:635)
	at java.base/java.lang.Thread.run(Thread.java:833)
]]></failure>
    <system-out><![CDATA[I am in onTestStart method addToCartTest start
Timeout to click on article
I am in onTestFailure method addToCartTest failed
Screenshot captured for test case:addToCartTest
]]></system-out>
  </testcase>
  <testcase name="addToCartTest[Chaussures Hommes de Ville, 3](2)" classname="tests.TestRunner" time="2.694">
    <system-out><![CDATA[I am in onTestStart method addToCartTest start
I am in onTestSuccess method addToCartTest succeed
]]></system-out>
  </testcase>
  <testcase name="addToCartTest[Chaussures Hommes de Ville, 3](2)" classname="tests.TestRunner" time="30.172">
    <failure message="Article inexistant ou non localisable expected [true] but found [false]" type="java.lang.AssertionError"><![CDATA[java.lang.AssertionError: Article inexistant ou non localisable expected [true] but found [false]
	at org.testng.Assert.fail(Assert.java:110)
	at org.testng.Assert.failNotEquals(Assert.java:1413)
	at org.testng.Assert.assertTrue(Assert.java:56)
	at tests.TestRunner.addToCartTest(TestRunner.java:140)
	at java.base/jdk.internal.reflect.NativeMethodAccessorImpl.invoke0(Native Method)
	at java.base/jdk.internal.reflect.NativeMethodAccessorImpl.invoke(NativeMethodAccessorImpl.java:77)
	at java.base/jdk.internal.reflect.DelegatingMethodAccessorImpl.invoke(DelegatingMethodAccessorImpl.java:43)
	at java.base/java.lang.reflect.Method.invoke(Method.java:568)
	at org.testng.internal.invokers.MethodInvocationHelper.invokeMethod(MethodInvocationHelper.java:139)
	at org.testng.internal.invokers.TestInvoker.invokeMethod(TestInvoker.java:677)
	at org.testng.internal.invokers.TestInvoker.invokeTestMethod(TestInvoker.java:221)
	at org.testng.internal.invokers.MethodRunner.runInSequence(MethodRunner.java:50)
	at org.testng.internal.invokers.TestInvoker$MethodInvocationAgent.invoke(TestInvoker.java:969)
	at org.testng.internal.invokers.TestInvoker.invokeTestMethods(TestInvoker.java:194)
	at org.testng.internal.invokers.TestMethodWorker.invokeTestMethods(TestMethodWorker.java:148)
	at org.testng.internal.invokers.TestMethodWorker.run(TestMethodWorker.java:128)
	at java.base/java.util.ArrayList.forEach(ArrayList.java:1511)
	at org.testng.TestRunner.privateRun(TestRunner.java:829)
	at org.testng.TestRunner.run(TestRunner.java:602)
	at org.testng.SuiteRunner.runTest(SuiteRunner.java:437)
	at org.testng.SuiteRunner$SuiteWorker.run(SuiteRunner.java:475)
	at org.testng.internal.thread.ThreadUtil.lambda$execute$0(ThreadUtil.java:58)
	at java.base/java.util.concurrent.FutureTask.run(FutureTask.java:264)
	at java.base/java.util.concurrent.ThreadPoolExecutor.runWorker(ThreadPoolExecutor.java:1136)
	at java.base/java.util.concurrent.ThreadPoolExecutor$Worker.run(ThreadPoolExecutor.java:635)
	at java.base/java.lang.Thread.run(Thread.java:833)
]]></failure>
    <system-out><![CDATA[I am in onTestStart method addToCartTest start
Timeout to click on article
I am in onTestFailure method addToCartTest failed
Screenshot captured for test case:addToCartTest
]]></system-out>
  </testcase>
  <testcase name="suppressFromCartTest[T-shirt en coton biologique, 3](1)" classname="tests.TestRunner" time="14.324">
    <system-out><![CDATA[I am in onTestStart method suppressFromCartTest start
Timeout pour le résultat de la recherche!
I am in onTestSuccess method suppressFromCartTest succeed
]]></system-out>
  </testcase>
  <testcase name="suppressFromCartTest[T-shirt en coton biologique, 3](1)" classname="tests.TestRunner" time="5.256">
    <failure message="Impossible de supprimer l&apos;article" type="java.lang.AssertionError"><![CDATA[java.lang.AssertionError: Impossible de supprimer l'article
	at org.testng.Assert.fail(Assert.java:110)
	at Pages.HomePage.DeleteFromCart(HomePage.java:254)
	at tests.TestRunner.suppressFromCartTest(TestRunner.java:152)
	at java.base/jdk.internal.reflect.NativeMethodAccessorImpl.invoke0(Native Method)
	at java.base/jdk.internal.reflect.NativeMethodAccessorImpl.invoke(NativeMethodAccessorImpl.java:77)
	at java.base/jdk.internal.reflect.DelegatingMethodAccessorImpl.invoke(DelegatingMethodAccessorImpl.java:43)
	at java.base/java.lang.reflect.Method.invoke(Method.java:568)
	at org.testng.internal.invokers.MethodInvocationHelper.invokeMethod(MethodInvocationHelper.java:139)
	at org.testng.internal.invokers.TestInvoker.invokeMethod(TestInvoker.java:677)
	at org.testng.internal.invokers.TestInvoker.invokeTestMethod(TestInvoker.java:221)
	at org.testng.internal.invokers.MethodRunner.runInSequence(MethodRunner.java:50)
	at org.testng.internal.invokers.TestInvoker$MethodInvocationAgent.invoke(TestInvoker.java:969)
	at org.testng.internal.invokers.TestInvoker.invokeTestMethods(TestInvoker.java:194)
	at org.testng.internal.invokers.TestMethodWorker.invokeTestMethods(TestMethodWorker.java:148)
	at org.testng.internal.invokers.TestMethodWorker.run(TestMethodWorker.java:128)
	at java.base/java.util.ArrayList.forEach(ArrayList.java:1511)
	at org.testng.TestRunner.privateRun(TestRunner.java:829)
	at org.testng.TestRunner.run(TestRunner.java:602)
	at org.testng.SuiteRunner.runTest(SuiteRunner.java:437)
	at org.testng.SuiteRunner$SuiteWorker.run(SuiteRunner.java:475)
	at org.testng.internal.thread.ThreadUtil.lambda$execute$0(ThreadUtil.java:58)
	at java.base/java.util.concurrent.FutureTask.run(FutureTask.java:264)
	at java.base/java.util.concurrent.ThreadPoolExecutor.runWorker(ThreadPoolExecutor.java:1136)
	at java.base/java.util.concurrent.ThreadPoolExecutor$Worker.run(ThreadPoolExecutor.java:635)
	at java.base/java.lang.Thread.run(Thread.java:833)
]]></failure>
    <system-out><![CDATA[I am in onTestStart method suppressFromCartTest start
Timeout to press on cart icon!
I am in onTestFailure method suppressFromCartTest failed
Screenshot captured for test case:suppressFromCartTest
]]></system-out>
  </testcase>
  <testcase name="suppressFromCartTest[Chaussures Hommes de Ville, 3](2)" classname="tests.TestRunner" time="13.319">
    <system-out><![CDATA[I am in onTestStart method suppressFromCartTest start
Timeout to press on cart icon!
Timeout pour le résultat de la recherche!
I am in onTestSuccess method suppressFromCartTest succeed
]]></system-out>
  </testcase>
  <testcase name="suppressFromCartTest[Chaussures Hommes de Ville, 3](2)" classname="tests.TestRunner" time="5.292">
    <failure message="Impossible de supprimer l&apos;article" type="java.lang.AssertionError"><![CDATA[java.lang.AssertionError: Impossible de supprimer l'article
	at org.testng.Assert.fail(Assert.java:110)
	at Pages.HomePage.DeleteFromCart(HomePage.java:254)
	at tests.TestRunner.suppressFromCartTest(TestRunner.java:152)
	at java.base/jdk.internal.reflect.NativeMethodAccessorImpl.invoke0(Native Method)
	at java.base/jdk.internal.reflect.NativeMethodAccessorImpl.invoke(NativeMethodAccessorImpl.java:77)
	at java.base/jdk.internal.reflect.DelegatingMethodAccessorImpl.invoke(DelegatingMethodAccessorImpl.java:43)
	at java.base/java.lang.reflect.Method.invoke(Method.java:568)
	at org.testng.internal.invokers.MethodInvocationHelper.invokeMethod(MethodInvocationHelper.java:139)
	at org.testng.internal.invokers.TestInvoker.invokeMethod(TestInvoker.java:677)
	at org.testng.internal.invokers.TestInvoker.invokeTestMethod(TestInvoker.java:221)
	at org.testng.internal.invokers.MethodRunner.runInSequence(MethodRunner.java:50)
	at org.testng.internal.invokers.TestInvoker$MethodInvocationAgent.invoke(TestInvoker.java:969)
	at org.testng.internal.invokers.TestInvoker.invokeTestMethods(TestInvoker.java:194)
	at org.testng.internal.invokers.TestMethodWorker.invokeTestMethods(TestMethodWorker.java:148)
	at org.testng.internal.invokers.TestMethodWorker.run(TestMethodWorker.java:128)
	at java.base/java.util.ArrayList.forEach(ArrayList.java:1511)
	at org.testng.TestRunner.privateRun(TestRunner.java:829)
	at org.testng.TestRunner.run(TestRunner.java:602)
	at org.testng.SuiteRunner.runTest(SuiteRunner.java:437)
	at org.testng.SuiteRunner$SuiteWorker.run(SuiteRunner.java:475)
	at org.testng.internal.thread.ThreadUtil.lambda$execute$0(ThreadUtil.java:58)
	at java.base/java.util.concurrent.FutureTask.run(FutureTask.java:264)
	at java.base/java.util.concurrent.ThreadPoolExecutor.runWorker(ThreadPoolExecutor.java:1136)
	at java.base/java.util.concurrent.ThreadPoolExecutor$Worker.run(ThreadPoolExecutor.java:635)
	at java.base/java.lang.Thread.run(Thread.java:833)
]]></failure>
    <system-out><![CDATA[I am in onTestStart method suppressFromCartTest start
Timeout to press on cart icon!
I am in onTestFailure method suppressFromCartTest failed
Screenshot captured for test case:suppressFromCartTest
]]></system-out>
  </testcase>
  <testcase name="LOGOUT" classname="tests.TestRunner" time="0.509">
    <system-out><![CDATA[I am in onTestStart method LOGOUT start
I am in onTestSuccess method LOGOUT succeed
]]></system-out>
  </testcase>
  <testcase name="LOGOUT" classname="tests.TestRunner" time="5.107">
    <failure message="Impossible de cliquer sur le boutton déconnexion" type="java.lang.AssertionError"><![CDATA[java.lang.AssertionError: Impossible de cliquer sur le boutton déconnexion
	at org.testng.Assert.fail(Assert.java:110)
	at tests.TestRunner.LOGOUT(TestRunner.java:167)
	at java.base/jdk.internal.reflect.NativeMethodAccessorImpl.invoke0(Native Method)
	at java.base/jdk.internal.reflect.NativeMethodAccessorImpl.invoke(NativeMethodAccessorImpl.java:77)
	at java.base/jdk.internal.reflect.DelegatingMethodAccessorImpl.invoke(DelegatingMethodAccessorImpl.java:43)
	at java.base/java.lang.reflect.Method.invoke(Method.java:568)
	at org.testng.internal.invokers.MethodInvocationHelper.invokeMethod(MethodInvocationHelper.java:139)
	at org.testng.internal.invokers.TestInvoker.invokeMethod(TestInvoker.java:677)
	at org.testng.internal.invokers.TestInvoker.invokeTestMethod(TestInvoker.java:221)
	at org.testng.internal.invokers.MethodRunner.runInSequence(MethodRunner.java:50)
	at org.testng.internal.invokers.TestInvoker$MethodInvocationAgent.invoke(TestInvoker.java:969)
	at org.testng.internal.invokers.TestInvoker.invokeTestMethods(TestInvoker.java:194)
	at org.testng.internal.invokers.TestMethodWorker.invokeTestMethods(TestMethodWorker.java:148)
	at org.testng.internal.invokers.TestMethodWorker.run(TestMethodWorker.java:128)
	at java.base/java.util.ArrayList.forEach(ArrayList.java:1511)
	at org.testng.TestRunner.privateRun(TestRunner.java:829)
	at org.testng.TestRunner.run(TestRunner.java:602)
	at org.testng.SuiteRunner.runTest(SuiteRunner.java:437)
	at org.testng.SuiteRunner$SuiteWorker.run(SuiteRunner.java:475)
	at org.testng.internal.thread.ThreadUtil.lambda$execute$0(ThreadUtil.java:58)
	at java.base/java.util.concurrent.FutureTask.run(FutureTask.java:264)
	at java.base/java.util.concurrent.ThreadPoolExecutor.runWorker(ThreadPoolExecutor.java:1136)
	at java.base/java.util.concurrent.ThreadPoolExecutor$Worker.run(ThreadPoolExecutor.java:635)
	at java.base/java.lang.Thread.run(Thread.java:833)
]]></failure>
    <system-out><![CDATA[I am in onTestStart method LOGOUT start
I am in onTestFailure method LOGOUT failed
Screenshot captured for test case:LOGOUT
]]></system-out>
  </testcase>
</testsuite>