<?xml version="1.0" encoding="UTF-8"?>
<testng-results ignored="0" total="11" passed="7" failed="4" skipped="0">
  <reporter-output>
  </reporter-output>
  <suite started-at="2023-01-09T00:40:23 WAT" name="Open Cart Test Regression PW Suite" finished-at="2023-01-09T00:41:46 WAT" duration-ms="82969">
    <groups>
    </groups>
    <test started-at="2023-01-09T00:40:23 WAT" name="Test_suite_chromium" finished-at="2023-01-09T00:41:46 WAT" duration-ms="82969">
      <class name="tests.TestRunner">
        <test-method is-config="true" signature="beforeTest(java.lang.String)[pri:0, instance:tests.TestRunner@368247b9]" started-at="2023-01-09T00:40:23 WAT" name="beforeTest" finished-at="2023-01-09T00:40:29 WAT" duration-ms="6124" status="PASS">
          <params>
            <param index="0">
              <value>
                <![CDATA[chromium]]>
              </value>
            </param>
          </params>
          <reporter-output>
          </reporter-output>
        </test-method> <!-- beforeTest -->
        <test-method signature="createNewUserTest(java.lang.String,java.lang.String,java.lang.String)[pri:1, instance:tests.TestRunner@368247b9]" started-at="2023-01-09T00:40:30 WAT" name="createNewUserTest" data-provider="getRegistrationTestData" finished-at="2023-01-09T00:40:35 WAT" duration-ms="5634" status="FAIL">
          <params>
            <param index="0">
              <value>
                <![CDATA[uggggg]]>
              </value>
            </param>
            <param index="1">
              <value>
                <![CDATA[douuuuuuu]]>
              </value>
            </param>
            <param index="2">
              <value>
                <![CDATA[douuuuuuu]]>
              </value>
            </param>
          </params>
          <exception class="java.lang.AssertionError">
            <message>
              <![CDATA[L'adresse mail n'a pas un format valide]]>
            </message>
            <full-stacktrace>
              <![CDATA[java.lang.AssertionError: L'adresse mail n'a pas un format valide
at org.testng.Assert.fail(Assert.java:110)
at tests.TestRunner.createNewUserTest(TestRunner.java:63)
at java.base/jdk.internal.reflect.NativeMethodAccessorImpl.invoke0(Native Method)
at java.base/jdk.internal.reflect.NativeMethodAccessorImpl.invoke(NativeMethodAccessorImpl.java:77)
at java.base/jdk.internal.reflect.DelegatingMethodAccessorImpl.invoke(DelegatingMethodAccessorImpl.java:43)
at java.base/java.lang.reflect.Method.invoke(Method.java:568)
at org.testng.internal.invokers.MethodInvocationHelper.invokeMethod(MethodInvocationHelper.java:139)
at org.testng.internal.invokers.TestInvoker.invokeMethod(TestInvoker.java:677)
at org.testng.internal.invokers.TestInvoker.invokeTestMethod(TestInvoker.java:221)
at org.testng.internal.invokers.MethodRunner.runInSequence(MethodRunner.java:50)
at org.testng.internal.invokers.TestInvoker$MethodInvocationAgent.invoke(TestInvoker.java:969)
at org.testng.internal.invokers.TestInvoker.invokeTestMethods(TestInvoker.java:194)
at org.testng.internal.invokers.TestMethodWorker.invokeTestMethods(TestMethodWorker.java:148)
at org.testng.internal.invokers.TestMethodWorker.run(TestMethodWorker.java:128)
at java.base/java.util.ArrayList.forEach(ArrayList.java:1511)
at org.testng.TestRunner.privateRun(TestRunner.java:829)
at org.testng.TestRunner.run(TestRunner.java:602)
at org.testng.SuiteRunner.runTest(SuiteRunner.java:437)
at org.testng.SuiteRunner$SuiteWorker.run(SuiteRunner.java:475)
at org.testng.internal.thread.ThreadUtil.lambda$execute$0(ThreadUtil.java:58)
at java.base/java.util.concurrent.FutureTask.run(FutureTask.java:264)
at java.base/java.util.concurrent.ThreadPoolExecutor.runWorker(ThreadPoolExecutor.java:1136)
at java.base/java.util.concurrent.ThreadPoolExecutor$Worker.run(ThreadPoolExecutor.java:635)
at java.base/java.lang.Thread.run(Thread.java:833)
]]>
            </full-stacktrace>
          </exception> <!-- java.lang.AssertionError -->
          <reporter-output>
          </reporter-output>
        </test-method> <!-- createNewUserTest -->
        <test-method signature="createNewUserTest(java.lang.String,java.lang.String,java.lang.String)[pri:1, instance:tests.TestRunner@368247b9]" started-at="2023-01-09T00:40:36 WAT" name="createNewUserTest" data-provider="getRegistrationTestData" finished-at="2023-01-09T00:40:41 WAT" duration-ms="5463" status="FAIL">
          <params>
            <param index="0">
              <value>
                <![CDATA[ad@gmail.com]]>
              </value>
            </param>
            <param index="1">
              <value>
                <![CDATA[dau]]>
              </value>
            </param>
            <param index="2">
              <value>
                <![CDATA[dau]]>
              </value>
            </param>
          </params>
          <exception class="java.lang.AssertionError">
            <message>
              <![CDATA[Mot de passe trop court]]>
            </message>
            <full-stacktrace>
              <![CDATA[java.lang.AssertionError: Mot de passe trop court
at org.testng.Assert.fail(Assert.java:110)
at tests.TestRunner.createNewUserTest(TestRunner.java:59)
at java.base/jdk.internal.reflect.NativeMethodAccessorImpl.invoke0(Native Method)
at java.base/jdk.internal.reflect.NativeMethodAccessorImpl.invoke(NativeMethodAccessorImpl.java:77)
at java.base/jdk.internal.reflect.DelegatingMethodAccessorImpl.invoke(DelegatingMethodAccessorImpl.java:43)
at java.base/java.lang.reflect.Method.invoke(Method.java:568)
at org.testng.internal.invokers.MethodInvocationHelper.invokeMethod(MethodInvocationHelper.java:139)
at org.testng.internal.invokers.TestInvoker.invokeMethod(TestInvoker.java:677)
at org.testng.internal.invokers.TestInvoker.invokeTestMethod(TestInvoker.java:221)
at org.testng.internal.invokers.MethodRunner.runInSequence(MethodRunner.java:50)
at org.testng.internal.invokers.TestInvoker$MethodInvocationAgent.invoke(TestInvoker.java:969)
at org.testng.internal.invokers.TestInvoker.invokeTestMethods(TestInvoker.java:194)
at org.testng.internal.invokers.TestMethodWorker.invokeTestMethods(TestMethodWorker.java:148)
at org.testng.internal.invokers.TestMethodWorker.run(TestMethodWorker.java:128)
at java.base/java.util.ArrayList.forEach(ArrayList.java:1511)
at org.testng.TestRunner.privateRun(TestRunner.java:829)
at org.testng.TestRunner.run(TestRunner.java:602)
at org.testng.SuiteRunner.runTest(SuiteRunner.java:437)
at org.testng.SuiteRunner$SuiteWorker.run(SuiteRunner.java:475)
at org.testng.internal.thread.ThreadUtil.lambda$execute$0(ThreadUtil.java:58)
at java.base/java.util.concurrent.FutureTask.run(FutureTask.java:264)
at java.base/java.util.concurrent.ThreadPoolExecutor.runWorker(ThreadPoolExecutor.java:1136)
at java.base/java.util.concurrent.ThreadPoolExecutor$Worker.run(ThreadPoolExecutor.java:635)
at java.base/java.lang.Thread.run(Thread.java:833)
]]>
            </full-stacktrace>
          </exception> <!-- java.lang.AssertionError -->
          <reporter-output>
          </reporter-output>
        </test-method> <!-- createNewUserTest -->
        <test-method signature="createNewUserTest(java.lang.String,java.lang.String,java.lang.String)[pri:1, instance:tests.TestRunner@368247b9]" started-at="2023-01-09T00:40:42 WAT" name="createNewUserTest" data-provider="getRegistrationTestData" finished-at="2023-01-09T00:40:47 WAT" duration-ms="5505" status="FAIL">
          <params>
            <param index="0">
              <value>
                <![CDATA[akakutorag@gmail.com]]>
              </value>
            </param>
            <param index="1">
              <value>
                <![CDATA[douuuuuuu]]>
              </value>
            </param>
            <param index="2">
              <value>
                <![CDATA[douuuuuuu]]>
              </value>
            </param>
          </params>
          <exception class="java.lang.AssertionError">
            <message>
              <![CDATA[L'utilisateur existe déjà]]>
            </message>
            <full-stacktrace>
              <![CDATA[java.lang.AssertionError: L'utilisateur existe déjà
at org.testng.Assert.fail(Assert.java:110)
at tests.TestRunner.createNewUserTest(TestRunner.java:57)
at java.base/jdk.internal.reflect.NativeMethodAccessorImpl.invoke0(Native Method)
at java.base/jdk.internal.reflect.NativeMethodAccessorImpl.invoke(NativeMethodAccessorImpl.java:77)
at java.base/jdk.internal.reflect.DelegatingMethodAccessorImpl.invoke(DelegatingMethodAccessorImpl.java:43)
at java.base/java.lang.reflect.Method.invoke(Method.java:568)
at org.testng.internal.invokers.MethodInvocationHelper.invokeMethod(MethodInvocationHelper.java:139)
at org.testng.internal.invokers.TestInvoker.invokeMethod(TestInvoker.java:677)
at org.testng.internal.invokers.TestInvoker.invokeTestMethod(TestInvoker.java:221)
at org.testng.internal.invokers.MethodRunner.runInSequence(MethodRunner.java:50)
at org.testng.internal.invokers.TestInvoker$MethodInvocationAgent.invoke(TestInvoker.java:969)
at org.testng.internal.invokers.TestInvoker.invokeTestMethods(TestInvoker.java:194)
at org.testng.internal.invokers.TestMethodWorker.invokeTestMethods(TestMethodWorker.java:148)
at org.testng.internal.invokers.TestMethodWorker.run(TestMethodWorker.java:128)
at java.base/java.util.ArrayList.forEach(ArrayList.java:1511)
at org.testng.TestRunner.privateRun(TestRunner.java:829)
at org.testng.TestRunner.run(TestRunner.java:602)
at org.testng.SuiteRunner.runTest(SuiteRunner.java:437)
at org.testng.SuiteRunner$SuiteWorker.run(SuiteRunner.java:475)
at org.testng.internal.thread.ThreadUtil.lambda$execute$0(ThreadUtil.java:58)
at java.base/java.util.concurrent.FutureTask.run(FutureTask.java:264)
at java.base/java.util.concurrent.ThreadPoolExecutor.runWorker(ThreadPoolExecutor.java:1136)
at java.base/java.util.concurrent.ThreadPoolExecutor$Worker.run(ThreadPoolExecutor.java:635)
at java.base/java.lang.Thread.run(Thread.java:833)
]]>
            </full-stacktrace>
          </exception> <!-- java.lang.AssertionError -->
          <reporter-output>
          </reporter-output>
        </test-method> <!-- createNewUserTest -->
        <test-method signature="loginPageNavigationTest()[pri:2, instance:tests.TestRunner@368247b9]" started-at="2023-01-09T00:40:47 WAT" name="loginPageNavigationTest" finished-at="2023-01-09T00:40:53 WAT" duration-ms="6005" status="PASS">
          <reporter-output>
          </reporter-output>
        </test-method> <!-- loginPageNavigationTest -->
        <test-method signature="searchTest(java.lang.String)[pri:3, instance:tests.TestRunner@368247b9]" started-at="2023-01-09T00:40:53 WAT" name="searchTest" data-provider="getProductData" finished-at="2023-01-09T00:40:55 WAT" duration-ms="2063" status="PASS">
          <params>
            <param index="0">
              <value>
                <![CDATA[T-shirt]]>
              </value>
            </param>
          </params>
          <reporter-output>
          </reporter-output>
        </test-method> <!-- searchTest -->
        <test-method signature="searchTest(java.lang.String)[pri:3, instance:tests.TestRunner@368247b9]" started-at="2023-01-09T00:40:55 WAT" name="searchTest" data-provider="getProductData" finished-at="2023-01-09T00:41:12 WAT" duration-ms="17032" status="FAIL">
          <params>
            <param index="0">
              <value>
                <![CDATA[xoxo]]>
              </value>
            </param>
          </params>
          <exception class="java.lang.AssertionError">
            <message>
              <![CDATA[Produit inexistant dans la base de donnée]]>
            </message>
            <full-stacktrace>
              <![CDATA[java.lang.AssertionError: Produit inexistant dans la base de donnée
at org.testng.Assert.fail(Assert.java:110)
at tests.TestRunner.searchTest(TestRunner.java:117)
at java.base/jdk.internal.reflect.NativeMethodAccessorImpl.invoke0(Native Method)
at java.base/jdk.internal.reflect.NativeMethodAccessorImpl.invoke(NativeMethodAccessorImpl.java:77)
at java.base/jdk.internal.reflect.DelegatingMethodAccessorImpl.invoke(DelegatingMethodAccessorImpl.java:43)
at java.base/java.lang.reflect.Method.invoke(Method.java:568)
at org.testng.internal.invokers.MethodInvocationHelper.invokeMethod(MethodInvocationHelper.java:139)
at org.testng.internal.invokers.TestInvoker.invokeMethod(TestInvoker.java:677)
at org.testng.internal.invokers.TestInvoker.invokeTestMethod(TestInvoker.java:221)
at org.testng.internal.invokers.MethodRunner.runInSequence(MethodRunner.java:50)
at org.testng.internal.invokers.TestInvoker$MethodInvocationAgent.invoke(TestInvoker.java:969)
at org.testng.internal.invokers.TestInvoker.invokeTestMethods(TestInvoker.java:194)
at org.testng.internal.invokers.TestMethodWorker.invokeTestMethods(TestMethodWorker.java:148)
at org.testng.internal.invokers.TestMethodWorker.run(TestMethodWorker.java:128)
at java.base/java.util.ArrayList.forEach(ArrayList.java:1511)
at org.testng.TestRunner.privateRun(TestRunner.java:829)
at org.testng.TestRunner.run(TestRunner.java:602)
at org.testng.SuiteRunner.runTest(SuiteRunner.java:437)
at org.testng.SuiteRunner$SuiteWorker.run(SuiteRunner.java:475)
at org.testng.internal.thread.ThreadUtil.lambda$execute$0(ThreadUtil.java:58)
at java.base/java.util.concurrent.FutureTask.run(FutureTask.java:264)
at java.base/java.util.concurrent.ThreadPoolExecutor.runWorker(ThreadPoolExecutor.java:1136)
at java.base/java.util.concurrent.ThreadPoolExecutor$Worker.run(ThreadPoolExecutor.java:635)
at java.base/java.lang.Thread.run(Thread.java:833)
]]>
            </full-stacktrace>
          </exception> <!-- java.lang.AssertionError -->
          <reporter-output>
          </reporter-output>
        </test-method> <!-- searchTest -->
        <test-method signature="addToCartTest(java.lang.String,int)[pri:4, instance:tests.TestRunner@368247b9]" started-at="2023-01-09T00:41:13 WAT" name="addToCartTest" data-provider="getProductDataForAdd" finished-at="2023-01-09T00:41:16 WAT" duration-ms="3052" status="PASS">
          <params>
            <param index="0">
              <value>
                <![CDATA[T-shirt en coton biologique]]>
              </value>
            </param>
            <param index="1">
              <value>
                <![CDATA[3]]>
              </value>
            </param>
          </params>
          <reporter-output>
          </reporter-output>
        </test-method> <!-- addToCartTest -->
        <test-method signature="addToCartTest(java.lang.String,int)[pri:4, instance:tests.TestRunner@368247b9]" started-at="2023-01-09T00:41:16 WAT" name="addToCartTest" data-provider="getProductDataForAdd" finished-at="2023-01-09T00:41:18 WAT" duration-ms="2745" status="PASS">
          <params>
            <param index="0">
              <value>
                <![CDATA[Chaussures Hommes de Ville]]>
              </value>
            </param>
            <param index="1">
              <value>
                <![CDATA[3]]>
              </value>
            </param>
          </params>
          <reporter-output>
          </reporter-output>
        </test-method> <!-- addToCartTest -->
        <test-method signature="suppressFromCartTest(java.lang.String,int)[pri:5, instance:tests.TestRunner@368247b9]" started-at="2023-01-09T00:41:18 WAT" name="suppressFromCartTest" data-provider="getProductDataForAdd" finished-at="2023-01-09T00:41:32 WAT" duration-ms="14170" status="PASS">
          <params>
            <param index="0">
              <value>
                <![CDATA[T-shirt en coton biologique]]>
              </value>
            </param>
            <param index="1">
              <value>
                <![CDATA[3]]>
              </value>
            </param>
          </params>
          <reporter-output>
          </reporter-output>
        </test-method> <!-- suppressFromCartTest -->
        <test-method signature="suppressFromCartTest(java.lang.String,int)[pri:5, instance:tests.TestRunner@368247b9]" started-at="2023-01-09T00:41:32 WAT" name="suppressFromCartTest" data-provider="getProductDataForAdd" finished-at="2023-01-09T00:41:46 WAT" duration-ms="13247" status="PASS">
          <params>
            <param index="0">
              <value>
                <![CDATA[Chaussures Hommes de Ville]]>
              </value>
            </param>
            <param index="1">
              <value>
                <![CDATA[3]]>
              </value>
            </param>
          </params>
          <reporter-output>
          </reporter-output>
        </test-method> <!-- suppressFromCartTest -->
        <test-method signature="LOGOUT()[pri:6, instance:tests.TestRunner@368247b9]" started-at="2023-01-09T00:41:46 WAT" name="LOGOUT" finished-at="2023-01-09T00:41:46 WAT" duration-ms="347" status="PASS">
          <reporter-output>
          </reporter-output>
        </test-method> <!-- LOGOUT -->
        <test-method is-config="true" signature="afterTest()[pri:0, instance:tests.TestRunner@368247b9]" started-at="2023-01-09T00:41:46 WAT" name="afterTest" finished-at="2023-01-09T00:41:46 WAT" duration-ms="186" status="PASS">
          <reporter-output>
          </reporter-output>
        </test-method> <!-- afterTest -->
      </class> <!-- tests.TestRunner -->
    </test> <!-- Test_suite_chromium -->
  </suite> <!-- Open Cart Test Regression PW Suite -->
</testng-results>
